<?xml version="1.0" encoding="UTF-8" standalone="no"?>
<!DOCTYPE log SYSTEM "logger.dtd">
<log>
<record>
  <date>2018-05-27T17:26:10</date>
  <millis>1527438370002</millis>
  <sequence>222</sequence>
  <logger>Singleton.Log</logger>
  <level>INFO</level>
  <class>Singleton.Log</class>
  <method>actualizarLog</method>
  <thread>139</thread>
  <message>Doing nothing</message>
</record>
<record>
  <date>2018-05-27T17:26:15</date>
  <millis>1527438375000</millis>
  <sequence>228</sequence>
  <logger>Singleton.Log</logger>
  <level>INFO</level>
  <class>Singleton.Log</class>
  <method>actualizarLog</method>
  <thread>80</thread>
  <message>Doing nothing</message>
</record>
<record>
  <date>2018-05-27T17:26:25</date>
  <millis>1527438385001</millis>
  <sequence>230</sequence>
  <logger>Singleton.Log</logger>
  <level>INFO</level>
  <class>Singleton.Log</class>
  <method>actualizarLog</method>
  <thread>140</thread>
  <message>Doing nothing</message>
</record>
<record>
  <date>2018-05-27T17:26:30</date>
  <millis>1527438390001</millis>
  <sequence>232</sequence>
  <logger>Singleton.Log</logger>
  <level>INFO</level>
  <class>Singleton.Log</class>
  <method>actualizarLog</method>
  <thread>79</thread>
  <message>Doing nothing</message>
</record>
<record>
  <date>2018-05-27T17:26:35</date>
  <millis>1527438395000</millis>
  <sequence>234</sequence>
  <logger>Singleton.Log</logger>
  <level>INFO</level>
  <class>Singleton.Log</class>
  <method>actualizarLog</method>
  <thread>136</thread>
  <message>Doing nothing</message>
</record>
<record>
  <date>2018-05-27T17:26:45</date>
  <millis>1527438405000</millis>
  <sequence>236</sequence>
  <logger>Singleton.Log</logger>
  <level>INFO</level>
  <class>Singleton.Log</class>
  <method>actualizarLog</method>
  <thread>122</thread>
  <message>Doing nothing</message>
</record>
<record>
  <date>2018-05-27T17:26:50</date>
  <millis>1527438410001</millis>
  <sequence>238</sequence>
  <logger>Singleton.Log</logger>
  <level>INFO</level>
  <class>Singleton.Log</class>
  <method>actualizarLog</method>
  <thread>137</thread>
  <message>Doing nothing</message>
</record>
<record>
  <date>2018-05-27T17:26:55</date>
  <millis>1527438415000</millis>
  <sequence>240</sequence>
  <logger>Singleton.Log</logger>
  <level>INFO</level>
  <class>Singleton.Log</class>
  <method>actualizarLog</method>
  <thread>143</thread>
  <message>Doing nothing</message>
</record>
<record>
  <date>2018-05-27T17:27:05</date>
  <millis>1527438425000</millis>
  <sequence>254</sequence>
  <logger>Singleton.Log</logger>
  <level>INFO</level>
  <class>Singleton.Log</class>
  <method>actualizarLog</method>
  <thread>138</thread>
  <message>Doing nothing</message>
</record>
<record>
  <date>2018-05-27T17:27:10</date>
  <millis>1527438430001</millis>
  <sequence>256</sequence>
  <logger>Singleton.Log</logger>
  <level>INFO</level>
  <class>Singleton.Log</class>
  <method>actualizarLog</method>
  <thread>144</thread>
  <message>Doing nothing</message>
</record>
<record>
  <date>2018-05-27T17:27:15</date>
  <millis>1527438435001</millis>
  <sequence>258</sequence>
  <logger>Singleton.Log</logger>
  <level>INFO</level>
  <class>Singleton.Log</class>
  <method>actualizarLog</method>
  <thread>134</thread>
  <message>Doing nothing</message>
</record>
